# JRE version: OpenJDK Runtime Environment Temurin-17.0.4+8 (17.0.4+8) (build 17.0.4+8)
# Java VM: OpenJDK 64-Bit Server VM Temurin-17.0.4+8 (17.0.4+8, mixed mode, tiered, compressed oops, compressed class ptrs, g1 gc, windows-amd64)
GC Precious Log:
 CPUs: 2 total, 2 available
 Memory: 8190M
 Large Page Support: Disabled
 NUMA Support: Disabled
 Compressed Oops: Enabled (32-bit)
 Heap Region Size: 1M
 Heap Min Capacity: 8M
 Heap Initial Capacity: 128M
 Heap Max Capacity: 2G
 Pre-touch: Disabled
 Parallel Workers: 2
 Concurrent Workers: 1
 Concurrent Refinement Workers: 2
 Periodic GC: Disabled
Heap:
 garbage-first heap   total 45056K, used 20470K [0x0000000080000000, 0x0000000100000000)
  region size 1024K, 8 young (8192K), 2 survivors (2048K)
 Metaspace       used 38919K, committed 39360K, reserved 1089536K
  class space    used 4480K, committed 4672K, reserved 1048576K
GC Heap History (20 events):
Event: 4.318 GC heap before
{Heap before GC invocations=5 (full 0):
 garbage-first heap   total 30720K, used 21832K [0x0000000080000000, 0x0000000100000000)
  region size 1024K, 18 young (18432K), 3 survivors (3072K)
 Metaspace       used 24388K, committed 24640K, reserved 1073152K
  class space    used 2693K, committed 2816K, reserved 1048576K
}
Event: 4.328 GC heap after
{Heap after GC invocations=6 (full 0):
 garbage-first heap   total 30720K, used 7894K [0x0000000080000000, 0x0000000100000000)
  region size 1024K, 2 young (2048K), 2 survivors (2048K)
 Metaspace       used 24388K, committed 24640K, reserved 1073152K
  class space    used 2693K, committed 2816K, reserved 1048576K
}
Event: 4.377 GC heap before
{Heap before GC invocations=6 (full 0):
 garbage-first heap   total 30720K, used 8918K [0x0000000080000000, 0x0000000100000000)
  region size 1024K, 3 young (3072K), 2 survivors (2048K)
 Metaspace       used 24475K, committed 24704K, reserved 1073152K
  class space    used 2702K, committed 2816K, reserved 1048576K
}
Event: 4.383 GC heap after
{Heap after GC invocations=7 (full 0):
 garbage-first heap   total 30720K, used 8270K [0x0000000080000000, 0x0000000100000000)
  region size 1024K, 1 young (1024K), 1 survivors (1024K)
 Metaspace       used 24475K, committed 24704K, reserved 1073152K
  class space    used 2702K, committed 2816K, reserved 1048576K
}
Event: 4.911 GC heap before
{Heap before GC invocations=7 (full 0):
 garbage-first heap   total 30720K, used 20558K [0x0000000080000000, 0x0000000100000000)
  region size 1024K, 13 young (13312K), 1 survivors (1024K)
 Metaspace       used 25769K, committed 26048K, reserved 1073152K
  class space    used 2845K, committed 2944K, reserved 1048576K
}
Event: 4.916 GC heap after
{Heap after GC invocations=8 (full 0):
 garbage-first heap   total 80896K, used 8882K [0x0000000080000000, 0x0000000100000000)
  region size 1024K, 1 young (1024K), 1 survivors (1024K)
 Metaspace       used 25769K, committed 26048K, reserved 1073152K
  class space    used 2845K, committed 2944K, reserved 1048576K
}
Event: 7.714 GC heap before
{Heap before GC invocations=8 (full 0):
 garbage-first heap   total 80896K, used 55986K [0x0000000080000000, 0x0000000100000000)
  region size 1024K, 47 young (48128K), 1 survivors (1024K)
 Metaspace       used 35108K, committed 35456K, reserved 1081344K
  class space    used 4046K, committed 4224K, reserved 1048576K
}
Event: 7.734 GC heap after
{Heap after GC invocations=9 (full 0):
 garbage-first heap   total 80896K, used 13775K [0x0000000080000000, 0x0000000100000000)
  region size 1024K, 6 young (6144K), 6 survivors (6144K)
 Metaspace       used 35108K, committed 35456K, reserved 1081344K
  class space    used 4046K, committed 4224K, reserved 1048576K
}
Event: 7.832 GC heap before
{Heap before GC invocations=9 (full 0):
 garbage-first heap   total 80896K, used 15823K [0x0000000080000000, 0x0000000100000000)
  region size 1024K, 9 young (9216K), 6 survivors (6144K)
 Metaspace       used 35665K, committed 35968K, reserved 1081344K
  class space    used 4120K, committed 4288K, reserved 1048576K
}
Event: 7.846 GC heap after
{Heap after GC invocations=10 (full 0):
 garbage-first heap   total 80896K, used 14566K [0x0000000080000000, 0x0000000100000000)
  region size 1024K, 1 young (1024K), 1 survivors (1024K)
 Metaspace       used 35665K, committed 35968K, reserved 1081344K
  class space    used 4120K, committed 4288K, reserved 1048576K
}
Event: 1260.303 GC heap before
{Heap before GC invocations=11 (full 0):
 garbage-first heap   total 51200K, used 44262K [0x0000000080000000, 0x0000000100000000)
  region size 1024K, 31 young (31744K), 1 survivors (1024K)
 Metaspace       used 37653K, committed 37952K, reserved 1089536K
  class space    used 4385K, committed 4544K, reserved 1048576K
}
Event: 1260.309 GC heap after
{Heap after GC invocations=12 (full 0):
 garbage-first heap   total 51200K, used 15087K [0x0000000080000000, 0x0000000100000000)
  region size 1024K, 2 young (2048K), 2 survivors (2048K)
 Metaspace       used 37653K, committed 37952K, reserved 1089536K
  class space    used 4385K, committed 4544K, reserved 1048576K
}
Event: 1461.022 GC heap before
{Heap before GC invocations=12 (full 0):
 garbage-first heap   total 51200K, used 19183K [0x0000000080000000, 0x0000000100000000)
  region size 1024K, 7 young (7168K), 2 survivors (2048K)
 Metaspace       used 37831K, committed 38208K, reserved 1089536K
  class space    used 4413K, committed 4608K, reserved 1048576K
}
Event: 1461.062 GC heap after
{Heap after GC invocations=13 (full 1):
 garbage-first heap   total 45056K, used 12829K [0x0000000080000000, 0x0000000100000000)
  region size 1024K, 0 young (0K), 0 survivors (0K)
 Metaspace       used 37831K, committed 38208K, reserved 1089536K
  class space    used 4413K, committed 4608K, reserved 1048576K
}
Event: 1464.066 GC heap before
{Heap before GC invocations=13 (full 1):
 garbage-first heap   total 45056K, used 34333K [0x0000000080000000, 0x0000000100000000)
  region size 1024K, 21 young (21504K), 0 survivors (0K)
 Metaspace       used 38243K, committed 38592K, reserved 1089536K
  class space    used 4431K, committed 4608K, reserved 1048576K
}
Event: 1464.071 GC heap after
{Heap after GC invocations=14 (full 1):
 garbage-first heap   total 45056K, used 14707K [0x0000000080000000, 0x0000000100000000)
  region size 1024K, 2 young (2048K), 2 survivors (2048K)
 Metaspace       used 38243K, committed 38592K, reserved 1089536K
  class space    used 4431K, committed 4608K, reserved 1048576K
}
Event: 1469.538 GC heap before
{Heap before GC invocations=14 (full 1):
 garbage-first heap   total 45056K, used 34163K [0x0000000080000000, 0x0000000100000000)
  region size 1024K, 21 young (21504K), 2 survivors (2048K)
 Metaspace       used 38635K, committed 39040K, reserved 1089536K
  class space    used 4472K, committed 4672K, reserved 1048576K
}
Event: 1469.546 GC heap after
{Heap after GC invocations=15 (full 1):
 garbage-first heap   total 45056K, used 15056K [0x0000000080000000, 0x0000000100000000)
  region size 1024K, 2 young (2048K), 2 survivors (2048K)
 Metaspace       used 38635K, committed 39040K, reserved 1089536K
  class space    used 4472K, committed 4672K, reserved 1048576K
}
Event: 1532.344 GC heap before
{Heap before GC invocations=15 (full 1):
 garbage-first heap   total 45056K, used 33488K [0x0000000080000000, 0x0000000100000000)
  region size 1024K, 20 young (20480K), 2 survivors (2048K)
 Metaspace       used 38824K, committed 39232K, reserved 1089536K
  class space    used 4477K, committed 4672K, reserved 1048576K
}
Event: 1532.348 GC heap after
{Heap after GC invocations=16 (full 1):
 garbage-first heap   total 45056K, used 15350K [0x0000000080000000, 0x0000000100000000)
  region size 1024K, 2 young (2048K), 2 survivors (2048K)
 Metaspace       used 38824K, committed 39232K, reserved 1089536K
  class space    used 4477K, committed 4672K, reserved 1048576K
}

